mktextfm SimSun/ICU
mktextfm SimSun/ICU
mktextfm SimSun/ICU
mktextfm SimSun/ICU
mktextfm SimSun/ICU
mktextfm SimSun/I/ICU
mktextfm SimSun/ICU
mktextfm SimSun/I/ICU
mktextfm SimSun/ICU
mktextfm SimSun/ICU
mktextfm SimSun/ICU
mktextfm SimSun/ICU
mktextfm SimSun/ICU
mktextfm SimSun/ICU
mktextfm SimSun/ICU
mktextfm SimSun/ICU
mktextfm SimSun/ICU
mktextfm SimSun/ICU
mktextfm SimSun/ICU
mktextfm SimSun/ICU
mktextfm SimSun/ICU
mktextfm SimSun/I/ICU
mktextfm SimSun/ICU
mktextfm SimSun/I/ICU
mktextfm SimSun/ICU
mktextfm SimSun/ICU
mktextfm SimSun/ICU
mktextfm SimSun/ICU
mktextfm SimSun/ICU
mktextfm SimSun/ICU
mktextfm SimSun/ICU
mktextfm SimSun/ICU
mktextfm SimSun/ICU
mktextfm SimSun/ICU
mktextfm SimHei/ICU
mktextfm KaiTi/ICU
mktextfm SimHei/ICU
mktextfm SimHei/I/ICU
mktextfm SimSun/ICU
mktextfm SimSun/ICU
mktextfm SimHei/ICU
mktextfm SimHei/ICU
mktextfm SimSun/ICU
mktextfm SimHei/ICU
mktextfm SimHei/ICU
mktextfm SimSun/ICU
mktextfm SimSun/ICU
mktextfm SimSun/ICU
mktextfm SimSun/ICU
mktextfm SimSun/ICU
mktextfm SimSun/ICU
mktextfm SimSun/ICU
mktextfm SimSun/ICU
mktextfm SimSun/ICU
mktextfm SimSun/ICU
mktextfm SimSun/ICU
mktextfm SimSun/ICU
mktextfm SimSun/ICU
mktextfm SimHei/ICU
mktextfm SimHei/ICU
mktextfm SimHei/I/ICU
mktextfm SimSun/ICU
mktextfm SimSun/ICU
mktextfm SimHei/ICU
mktextfm SimHei/ICU
mktextfm SimSun/ICU
mktextfm SimHei/ICU
mktextfm SimHei/ICU
mktextfm SimSun/ICU
mktextfm SimSun/ICU
mktextfm SimSun/ICU
mktextfm SimSun/ICU
mktextfm SimSun/ICU
mktextfm SimSun/I/ICU
mktextfm SimSun/ICU
mktextfm SimSun/I/ICU
mktextfm SimSun/ICU
mktextfm SimHei/ICU
mktextfm SimHei/ICU
mktextfm SimHei/ICU
mktextfm SimHei/ICU
mktextfm SimHei/ICU
mktextfm SimHei/I/ICU
mktextfm SimHei/ICU
mktextfm SimHei/I/ICU
mktextfm SimHei/ICU
mktextfm SimSun/ICU
mktextfm SimSun/ICU
mktextfm SimSun/ICU
mktextfm SimSun/ICU
mktextfm SimSun/ICU
mktextfm SimSun/ICU
mktextfm SimSun/ICU
mktextfm SimSun/ICU
mktextfm SimSun/ICU
mktextfm SimSun/ICU
